<?xml version="1.0" encoding="UTF-8"?>
<!-- Generated by org.testng.reporters.JUnitReportReporter -->
<testsuite hostname="DESKTOP-1CCS179" failures="0" tests="7" name="com.opencart.testlayer.LoginTest" time="39.518" errors="0" timestamp="2024-03-29T09:03:57 IST" skipped="0">
  <testcase classname="com.opencart.testlayer.LoginTest" name="test" time="5.555"/>
  <system-out/>
  <testcase classname="com.opencart.testlayer.LoginTest" name="test" time="5.018"/>
  <system-out/>
  <testcase classname="com.opencart.testlayer.LoginTest" name="verifyLoginTestWithInValidDetails" time="5.377"/>
  <system-out/>
  <testcase classname="com.opencart.testlayer.LoginTest" name="test" time="6.082"/>
  <system-out/>
  <testcase classname="com.opencart.testlayer.LoginTest" name="test" time="6.514"/>
  <system-out/>
  <testcase classname="com.opencart.testlayer.LoginTest" name="test" time="5.623"/>
  <system-out/>
  <testcase classname="com.opencart.testlayer.LoginTest" name="verifyLoginTestWithValidDetails" time="5.349"/>
  <system-out/>
</testsuite> <!-- com.opencart.testlayer.LoginTest -->
